<?xml version="1.0" encoding="UTF-8"?>
<!-- Generated by org.testng.reporters.JUnitReportReporter -->
<testsuite hostname="DESKTOP-S5I99RD" failures="0" tests="1" name="pack2.ex28" time="1.842" errors="0" timestamp="2022-11-29T12:30:47 IST" skipped="0">
  <testcase classname="pack2.ex28" name="t1" time="1.842"/>
  <system-out/>
</testsuite> <!-- pack2.ex28 -->
