<?xml version="1.0" encoding="UTF-8"?>
<!-- Generated by org.testng.reporters.JUnitReportReporter -->
<testsuite hostname="DESKTOP-S5I99RD" failures="0" tests="1" name="excel.e1" time="0.419" errors="0" timestamp="2022-11-29T12:30:47 IST" skipped="0">
  <testcase classname="excel.e1" name="rew" time="0.419"/>
  <system-out/>
</testsuite> <!-- excel.e1 -->
