<?xml version="1.0" encoding="UTF-8"?>
<!-- Generated by org.testng.reporters.JUnitReportReporter -->
<testsuite hostname="DESKTOP-S5I99RD" failures="0" tests="1" name="dataprovider.ex30" time="2.015" errors="0" timestamp="2022-11-29T12:31:59 IST" skipped="0">
  <testcase classname="dataprovider.ex30" name="t1" time="2.015"/>
  <system-out/>
</testsuite> <!-- dataprovider.ex30 -->
