<?xml version="1.0" encoding="UTF-8"?>
<!-- Generated by org.testng.reporters.JUnitReportReporter -->
<testsuite hostname="DESKTOP-S5I99RD" failures="0" tests="1" name="pack1.c1" time="3.051" errors="0" timestamp="2022-12-12T18:31:16 IST" skipped="0">
  <testcase classname="pack1.c1" name="t1" time="3.051"/>
  <system-out/>
</testsuite> <!-- pack1.c1 -->
