<?xml version="1.0" encoding="UTF-8"?>
<!-- Generated by org.testng.reporters.JUnitReportReporter -->
<testsuite hostname="DESKTOP-S5I99RD" failures="0" tests="1" name="pack1.ex27" time="3.573" errors="0" timestamp="2022-11-29T12:30:47 IST" skipped="0">
  <testcase classname="pack1.ex27" name="ex" time="3.573"/>
  <system-out/>
</testsuite> <!-- pack1.ex27 -->
