<?xml version="1.0" encoding="UTF-8"?>
<!-- Generated by org.testng.reporters.JUnitReportReporter -->
<testsuite hostname="DESKTOP-S5I99RD" failures="0" tests="1" name="extentreports.e1" time="1.753" errors="0" timestamp="2022-11-30T17:14:56 IST" skipped="0">
  <testcase classname="extentreports.e1" name="extentReportsDemo" time="1.753"/>
  <system-out/>
</testsuite> <!-- extentreports.e1 -->
